  Main.cpp
E:\C++\Space Game\Main.cpp(139,39): warning C4305:  'initializing': truncation from 'double' to 'float'
E:\C++\Space Game\Main.cpp(473,28): warning C4244:  'argument': conversion from 'float' to 'int', possible loss of data
E:\C++\Space Game\Main.cpp(491,36): warning C4244:  'argument': conversion from 'float' to 'int', possible loss of data
E:\C++\Space Game\Main.cpp(491,25): warning C4244:  'argument': conversion from 'float' to 'int', possible loss of data
E:\C++\Space Game\Main.cpp(492,50): warning C4244:  'argument': conversion from 'float' to 'int', possible loss of data
E:\C++\Space Game\Main.cpp(492,23): warning C4244:  'argument': conversion from 'float' to 'int', possible loss of data
E:\C++\Space Game\Main.cpp(493,36): warning C4244:  'argument': conversion from 'float' to 'int', possible loss of data
E:\C++\Space Game\Main.cpp(493,25): warning C4244:  'argument': conversion from 'float' to 'int', possible loss of data
E:\C++\Space Game\Main.cpp(494,50): warning C4244:  'argument': conversion from 'float' to 'int', possible loss of data
E:\C++\Space Game\Main.cpp(494,23): warning C4244:  'argument': conversion from 'float' to 'int', possible loss of data
E:\C++\Space Game\Main.cpp(561,73): warning C4244:  'argument': conversion from 'int' to 'float', possible loss of data
E:\C++\Space Game\Main.cpp(562,50): warning C4244:  'argument': conversion from 'int' to 'float', possible loss of data
E:\C++\Space Game\Main.cpp(562,27): warning C4244:  'argument': conversion from 'int' to 'float', possible loss of data
E:\C++\Space Game\Main.cpp(567,31): warning C4244:  '=': conversion from 'float' to 'int', possible loss of data
E:\C++\Space Game\Main.cpp(578,75): warning C4244:  'argument': conversion from 'int' to 'float', possible loss of data
E:\C++\Space Game\Main.cpp(589,111): warning C4244:  'argument': conversion from 'float' to 'int', possible loss of data
E:\C++\Space Game\Main.cpp(589,66): warning C4244:  'argument': conversion from 'float' to 'int', possible loss of data
E:\C++\Space Game\Main.cpp(606,28): warning C4805:  '==': unsafe mix of type 'boolean' and type 'bool' in operation
E:\C++\Space Game\Main.cpp(613,74): warning C4244:  'argument': conversion from 'int' to 'float', possible loss of data
E:\C++\Space Game\Main.cpp(643,15): warning C4101:  'ps': unreferenced local variable
E:\C++\Space Game\Main.cpp(682,39): warning C4244:  '=': conversion from 'int' to 'float', possible loss of data
E:\C++\Space Game\Main.cpp(695,6): warning C4101:  't': unreferenced local variable
E:\C++\Space Game\Main.cpp(719,17): warning C4244:  'initializing': conversion from 'double' to 'float', possible loss of data
E:\C++\Space Game\Main.cpp(720,17): warning C4244:  'initializing': conversion from 'double' to 'float', possible loss of data
E:\C++\Space Game\Main.cpp(730,16): warning C4244:  '=': conversion from 'double' to 'float', possible loss of data
E:\C++\Space Game\Main.cpp(731,16): warning C4244:  '=': conversion from 'double' to 'float', possible loss of data
E:\C++\Space Game\Main.cpp(741,16): warning C4244:  '=': conversion from 'double' to 'float', possible loss of data
E:\C++\Space Game\Main.cpp(742,16): warning C4244:  '=': conversion from 'double' to 'float', possible loss of data
E:\C++\Space Game\Main.cpp(760,15): warning C4244:  'initializing': conversion from 'int' to 'float', possible loss of data
E:\C++\Space Game\Main.cpp(809,28): warning C4244:  '=': conversion from 'float' to 'int', possible loss of data
E:\C++\Space Game\Main.cpp(818,57): warning C4244:  '=': conversion from 'float' to 'LONG', possible loss of data
E:\C++\Space Game\Main.cpp(819,57): warning C4244:  '=': conversion from 'float' to 'LONG', possible loss of data
E:\C++\Space Game\Main.cpp(863,23): warning C4018:  '<': signed/unsigned mismatch
E:\C++\Space Game\Main.cpp(877,26): warning C4018:  '<': signed/unsigned mismatch
E:\C++\Space Game\Main.cpp(884,26): warning C4018:  '<': signed/unsigned mismatch
E:\C++\Space Game\Main.cpp(920,43): warning C4244:  '=': conversion from 'double' to 'float', possible loss of data
E:\C++\Space Game\Main.cpp(921,43): warning C4244:  '=': conversion from 'double' to 'float', possible loss of data
E:\C++\Space Game\Main.cpp(922,43): warning C4244:  '=': conversion from 'double' to 'float', possible loss of data
E:\C++\Space Game\Main.cpp(934,44): warning C4244:  '=': conversion from 'double' to 'float', possible loss of data
E:\C++\Space Game\Main.cpp(935,46): warning C4244:  '=': conversion from 'float' to 'int', possible loss of data
E:\C++\Space Game\Main.cpp(909,29): warning C4101:  'adat4': unreferenced local variable
E:\C++\Space Game\Main.cpp(977,40): warning C4244:  '=': conversion from 'int' to 'float', possible loss of data
E:\C++\Space Game\Main.cpp(978,30): warning C4244:  '=': conversion from 'int' to 'float', possible loss of data
E:\C++\Space Game\Main.cpp(981,73): warning C4244:  '=': conversion from 'int' to 'float', possible loss of data
E:\C++\Space Game\Main.cpp(983,36): warning C4244:  '=': conversion from 'int' to 'float', possible loss of data
E:\C++\Space Game\Main.cpp(1002,41): warning C4244:  '=': conversion from 'int' to 'float', possible loss of data
E:\C++\Space Game\Main.cpp(1003,22): warning C4244:  '=': conversion from 'int' to 'float', possible loss of data
E:\C++\Space Game\Main.cpp(1022,21): warning C4244:  '=': conversion from 'int' to 'float', possible loss of data
E:\C++\Space Game\Main.cpp(1023,21): warning C4244:  '=': conversion from 'int' to 'float', possible loss of data
E:\C++\Space Game\Main.cpp(1046,59): warning C4244:  'argument': conversion from 'float' to 'int', possible loss of data
E:\C++\Space Game\Main.cpp(1046,45): warning C4244:  'argument': conversion from 'float' to 'int', possible loss of data
E:\C++\Space Game\Main.cpp(1046,33): warning C4244:  'argument': conversion from 'float' to 'int', possible loss of data
E:\C++\Space Game\Main.cpp(1046,23): warning C4244:  'argument': conversion from 'float' to 'int', possible loss of data
E:\C++\Space Game\Main.cpp(1052,22): warning C4244:  '=': conversion from 'int' to 'float', possible loss of data
E:\C++\Space Game\Main.cpp(1053,22): warning C4244:  '=': conversion from 'int' to 'float', possible loss of data
  Generating code
  2 of 37 functions ( 5.4%) were compiled, the rest were copied from previous compilation.
    0 functions were new in current compilation
    1 functions had inline decision re-evaluated but remain unchanged
  Finished generating code
  Space Game.vcxproj -> E:\C++\Space Game\Release\Space Game.exe
